  Queue.cpp
E:\FunctionServerSystem\ServerSide\ServerSide\Queue.cpp(12,7): warning C4996: 'strncpy': This function or variable may be unsafe. Consider using strncpy_s instead. To disable deprecation, use _CRT_SECURE_NO_WARNINGS. See online help for details.
E:\FunctionServerSystem\ServerSide\ServerSide\Queue.cpp(131,7): warning C4996: 'strncpy': This function or variable may be unsafe. Consider using strncpy_s instead. To disable deprecation, use _CRT_SECURE_NO_WARNINGS. See online help for details.
  Server.cpp
  serverClient.cpp
E:\FunctionServerSystem\ServerSide\ServerSide\serverClient.cpp(102,33): warning C4244: “=”: 从“std::streamoff”转换到“unsigned int”，可能丢失数据
E:\FunctionServerSystem\ServerSide\ServerSide\serverClient.cpp(104,33): warning C4244: “=”: 从“std::streamoff”转换到“unsigned int”，可能丢失数据
E:\FunctionServerSystem\ServerSide\ServerSide\serverClient.cpp(136,40): warning C4244: “=”: 从“std::streamoff”转换到“unsigned int”，可能丢失数据
  serverGetLine.cpp
  serverLib.cpp
E:\FunctionServerSystem\ServerSide\ServerSide\serverLib.cpp(40,34): warning C4244: “=”: 从“std::streamoff”转换到“unsigned int”，可能丢失数据
E:\FunctionServerSystem\ServerSide\ServerSide\serverLib.cpp(42,34): warning C4244: “=”: 从“std::streamoff”转换到“unsigned int”，可能丢失数据
E:\FunctionServerSystem\ServerSide\ServerSide\serverLib.cpp(74,41): warning C4244: “=”: 从“std::streamoff”转换到“unsigned int”，可能丢失数据
E:\FunctionServerSystem\ServerSide\ServerSide\serverLib.cpp(186,29): warning C4244: “=”: 从“std::streamoff”转换到“unsigned int”，可能丢失数据
E:\FunctionServerSystem\ServerSide\ServerSide\serverLib.cpp(188,27): warning C4244: “=”: 从“std::streamoff”转换到“unsigned int”，可能丢失数据
E:\FunctionServerSystem\ServerSide\ServerSide\serverLib.cpp(219,46): warning C4244: “=”: 从“std::streamoff”转换到“unsigned int”，可能丢失数据
E:\FunctionServerSystem\ServerSide\ServerSide\serverLib.cpp(315,36): warning C4244: “=”: 从“std::streamoff”转换到“unsigned int”，可能丢失数据
E:\FunctionServerSystem\ServerSide\ServerSide\serverLib.cpp(317,36): warning C4244: “=”: 从“std::streamoff”转换到“unsigned int”，可能丢失数据
E:\FunctionServerSystem\ServerSide\ServerSide\serverLib.cpp(358,32): warning C4244: “=”: 从“std::streamoff”转换到“unsigned int”，可能丢失数据
E:\FunctionServerSystem\ServerSide\ServerSide\serverLib.cpp(360,30): warning C4244: “=”: 从“std::streamoff”转换到“unsigned int”，可能丢失数据
E:\FunctionServerSystem\ServerSide\ServerSide\serverLib.cpp(422,43): warning C4244: “=”: 从“std::streamoff”转换到“unsigned int”，可能丢失数据
E:\FunctionServerSystem\ServerSide\ServerSide\serverLib.cpp(480,34): warning C4244: “=”: 从“std::streamoff”转换到“unsigned int”，可能丢失数据
E:\FunctionServerSystem\ServerSide\ServerSide\serverLib.cpp(483,33): warning C4244: “=”: 从“std::streamoff”转换到“unsigned int”，可能丢失数据
E:\FunctionServerSystem\ServerSide\ServerSide\serverLib.cpp(548,35): warning C4244: “=”: 从“std::streamoff”转换到“unsigned int”，可能丢失数据
E:\FunctionServerSystem\ServerSide\ServerSide\serverLib.cpp(550,35): warning C4244: “=”: 从“std::streamoff”转换到“unsigned int”，可能丢失数据
E:\FunctionServerSystem\ServerSide\ServerSide\serverLib.cpp(656,35): warning C4244: “=”: 从“std::streamoff”转换到“unsigned int”，可能丢失数据
E:\FunctionServerSystem\ServerSide\ServerSide\serverLib.cpp(658,35): warning C4244: “=”: 从“std::streamoff”转换到“unsigned int”，可能丢失数据
E:\FunctionServerSystem\ServerSide\ServerSide\serverLib.cpp(733,33): warning C4244: “=”: 从“std::streamoff”转换到“unsigned int”，可能丢失数据
E:\FunctionServerSystem\ServerSide\ServerSide\serverLib.cpp(736,32): warning C4244: “=”: 从“std::streamoff”转换到“unsigned int”，可能丢失数据
  正在生成代码...
E:\FunctionServerSystem\ServerSide\ServerSide\serverLib.cpp(106): warning C4715: “ServerLib::openLibServerClient”: 不是所有的控件路径都返回值
  ServerSide.vcxproj -> E:\FunctionServerSystem\ServerSide\Debug\ServerSide.exe
